<?xml version="1.0" encoding="UTF-8"?>
<!-- Generated by org.testng.reporters.JUnitReportReporter -->
<testsuite skipped="0" hostname="DESKTOP-DM24L6V" name="Test_cases.forgot_password" tests="1" failures="0" timestamp="20 Sep 2018 17:05:56 GMT" time="67.621" errors="0">
  <testcase name="forgotpwd" time="67.621" classname="Test_cases.forgot_password"/>
</testsuite> <!-- Test_cases.forgot_password -->
