<?xml version="1.0" encoding="UTF-8"?>
<!-- Generated by org.testng.reporters.JUnitReportReporter -->
<testsuite skipped="0" hostname="DESKTOP-DM24L6V" name="Test_cases.Hotel" tests="1" failures="0" timestamp="04 Aug 2018 17:10:10 GMT" time="11.123" errors="0">
  <testcase name="hotel" time="11.123" classname="Test_cases.Hotel"/>
</testsuite> <!-- Test_cases.Hotel -->
