<?xml version="1.0" encoding="UTF-8"?>
<!-- Generated by org.testng.reporters.JUnitReportReporter -->
<testsuite skipped="0" hostname="DESKTOP-UNAOAV6" name="Test_cases.nested_frames" tests="1" failures="0" timestamp="23 Nov 2018 16:09:39 GMT" time="3.214" errors="0">
  <testcase name="nested_frame" time="3.214" classname="Test_cases.nested_frames"/>
</testsuite> <!-- Test_cases.nested_frames -->
