<?xml version="1.0" encoding="UTF-8"?>
<!-- Generated by org.testng.reporters.JUnitReportReporter -->
<testsuite skipped="0" hostname="DESKTOP-DM24L6V" name="Test_cases.horizontal_slider" tests="1" failures="0" timestamp="02 Oct 2018 07:19:57 GMT" time="3.845" errors="0">
  <testcase name="hori_slider" time="3.845" classname="Test_cases.horizontal_slider"/>
</testsuite> <!-- Test_cases.horizontal_slider -->
