<?xml version="1.0" encoding="UTF-8"?>
<!-- Generated by org.testng.reporters.JUnitReportReporter -->
<testsuite skipped="0" hostname="DESKTOP-UNAOAV6" name="Test_cases.tinymce" tests="1" failures="0" timestamp="13 Dec 2018 17:16:38 GMT" time="2.661" errors="0">
  <testcase name="tinymecc" time="2.661" classname="Test_cases.tinymce"/>
</testsuite> <!-- Test_cases.tinymce -->
