<?xml version="1.0" encoding="UTF-8"?>
<!-- Generated by org.testng.reporters.JUnitReportReporter -->
<testsuite skipped="0" hostname="DESKTOP-DM24L6V" name="Test_cases.drop_down" tests="1" failures="0" timestamp="08 Sep 2018 05:17:33 GMT" time="4.726" errors="0">
  <testcase name="dropdown" time="4.726" classname="Test_cases.drop_down"/>
</testsuite> <!-- Test_cases.drop_down -->
