<?xml version="1.0" encoding="UTF-8"?>
<!-- Generated by org.testng.reporters.JUnitReportReporter -->
<testsuite skipped="0" hostname="DESKTOP-UNAOAV6" name="Test_cases.drag_and_drop" tests="1" failures="0" timestamp="04 Jan 2019 19:06:17 GMT" time="22.754" errors="0">
  <testcase name="drag_drop" time="22.754" classname="Test_cases.drag_and_drop"/>
</testsuite> <!-- Test_cases.drag_and_drop -->
