<?xml version="1.0" encoding="UTF-8"?>
<!-- Generated by org.testng.reporters.JUnitReportReporter -->
<testsuite skipped="0" hostname="DESKTOP-DM24L6V" name="Test_cases.Challenging_DOM" tests="1" failures="0" timestamp="02 Sep 2018 09:24:55 GMT" time="3.535" errors="0">
  <testcase name="Challenging_dom" time="3.535" classname="Test_cases.Challenging_DOM"/>
</testsuite> <!-- Test_cases.Challenging_DOM -->
