<?xml version="1.0" encoding="UTF-8"?>
<!-- Generated by org.testng.reporters.JUnitReportReporter -->
<testsuite skipped="0" hostname="DESKTOP-DM24L6V" name="Test_cases.Hovers" tests="1" failures="0" timestamp="06 Oct 2018 15:23:17 GMT" time="12.813" errors="0">
  <testcase name="hover" time="12.813" classname="Test_cases.Hovers"/>
</testsuite> <!-- Test_cases.Hovers -->
