<?xml version="1.0" encoding="UTF-8"?>
<!-- Generated by org.testng.reporters.JUnitReportReporter -->
<testsuite skipped="0" hostname="DESKTOP-DM24L6V" name="Test_cases.drag_and_drop" tests="1" failures="0" timestamp="06 Sep 2018 16:50:06 GMT" time="29.842" errors="0">
  <testcase name="drag_drop" time="29.842" classname="Test_cases.drag_and_drop"/>
</testsuite> <!-- Test_cases.drag_and_drop -->
