<?xml version="1.0" encoding="UTF-8"?>
<!-- Generated by org.testng.reporters.JUnitReportReporter -->
<testsuite skipped="0" hostname="DESKTOP-DM24L6V" name="Test_cases.Frames_nested" tests="1" failures="0" timestamp="23 Sep 2018 11:15:37 GMT" time="17.257" errors="0">
  <testcase name="iframes" time="17.257" classname="Test_cases.Frames_nested"/>
</testsuite> <!-- Test_cases.Frames_nested -->
