<?xml version="1.0" encoding="UTF-8"?>
<!-- Generated by org.testng.reporters.JUnitReportReporter -->
<testsuite skipped="0" hostname="DESKTOP-UNAOAV6" name="Test_cases.secure_download" tests="1" failures="0" timestamp="25 Nov 2018 08:55:17 GMT" time="6.023" errors="0">
  <testcase name="secure_downloads" time="6.023" classname="Test_cases.secure_download"/>
</testsuite> <!-- Test_cases.secure_download -->
