<?xml version="1.0" encoding="UTF-8"?>
<!-- Generated by org.testng.reporters.JUnitReportReporter -->
<testsuite skipped="0" hostname="DESKTOP-UNAOAV6" name="Test_cases.Multiple_windows" tests="1" failures="0" timestamp="22 Nov 2018 15:29:24 GMT" time="11.878" errors="0">
  <testcase name="mul_win" time="11.878" classname="Test_cases.Multiple_windows"/>
</testsuite> <!-- Test_cases.Multiple_windows -->
