<?xml version="1.0" encoding="UTF-8"?>
<!-- Generated by org.testng.reporters.JUnitReportReporter -->
<testsuite skipped="0" hostname="DESKTOP-DM24L6V" name="Test_cases.exit_intent" tests="1" failures="0" timestamp="12 Sep 2018 16:06:08 GMT" time="5.664" errors="0">
  <testcase name="exitintent" time="5.664" classname="Test_cases.exit_intent"/>
</testsuite> <!-- Test_cases.exit_intent -->
