<?xml version="1.0" encoding="UTF-8"?>
<!-- Generated by org.testng.reporters.JUnitReportReporter -->
<testsuite skipped="0" hostname="DESKTOP-DM24L6V" name="Test_cases.dynamic_loading" tests="1" failures="0" timestamp="12 Sep 2018 15:27:56 GMT" time="7.703" errors="0">
  <testcase name="dynamicloading" time="7.703" classname="Test_cases.dynamic_loading"/>
</testsuite> <!-- Test_cases.dynamic_loading -->
