<?xml version="1.0" encoding="UTF-8"?>
<!-- Generated by org.testng.reporters.JUnitReportReporter -->
<testsuite skipped="0" hostname="DESKTOP-DM24L6V" name="Test_cases.Broken_image" tests="1" failures="0" timestamp="23 Sep 2018 16:48:47 GMT" time="20.358" errors="0">
  <testcase name="broken_images" time="20.358" classname="Test_cases.Broken_image"/>
</testsuite> <!-- Test_cases.Broken_image -->
