<?xml version="1.0" encoding="UTF-8"?>
<!-- Generated by org.testng.reporters.JUnitReportReporter -->
<testsuite skipped="0" hostname="DESKTOP-UNAOAV6" name="Test_cases.jquerymenu" tests="1" failures="0" timestamp="17 Nov 2018 08:50:42 GMT" time="12.422" errors="0">
  <testcase name="jqmenu" time="12.422" classname="Test_cases.jquerymenu"/>
</testsuite> <!-- Test_cases.jquerymenu -->
