<?xml version="1.0" encoding="UTF-8"?>
<!-- Generated by org.testng.reporters.JUnitReportReporter -->
<testsuite skipped="0" hostname="DESKTOP-UNAOAV6" name="Test_cases.Key_press" tests="1" failures="0" timestamp="21 Nov 2018 15:52:26 GMT" time="8.601" errors="0">
  <testcase name="key_presses" time="8.601" classname="Test_cases.Key_press"/>
</testsuite> <!-- Test_cases.Key_press -->
