<?xml version="1.0" encoding="UTF-8"?>
<!-- Generated by org.testng.reporters.JUnitReportReporter -->
<testsuite skipped="0" hostname="DESKTOP-UNAOAV6" name="Test_cases.Login_page" tests="1" failures="0" timestamp="25 Nov 2018 08:51:51 GMT" time="2.849" errors="0">
  <testcase name="login_page" time="2.849" classname="Test_cases.Login_page"/>
</testsuite> <!-- Test_cases.Login_page -->
