<?xml version="1.0" encoding="UTF-8"?>
<!-- Generated by org.testng.reporters.JUnitReportReporter -->
<testsuite skipped="0" hostname="DESKTOP-DM24L6V" name="Test_cases.disappearing_elements" tests="1" failures="0" timestamp="02 Sep 2018 13:08:19 GMT" time="1.501" errors="0">
  <testcase name="dispear_elem" time="1.501" classname="Test_cases.disappearing_elements"/>
</testsuite> <!-- Test_cases.disappearing_elements -->
