<?xml version="1.0" encoding="UTF-8"?>
<!-- Generated by org.testng.reporters.JUnitReportReporter -->
<testsuite skipped="0" hostname="DESKTOP-UNAOAV6" name="Test_cases.notification_message" tests="1" failures="0" timestamp="23 Nov 2018 17:13:23 GMT" time="2.607" errors="0">
  <testcase name="notify_me" time="2.607" classname="Test_cases.notification_message"/>
</testsuite> <!-- Test_cases.notification_message -->
