<?xml version="1.0" encoding="UTF-8"?>
<!-- Generated by org.testng.reporters.JUnitReportReporter -->
<testsuite skipped="0" hostname="DESKTOP-DM24L6V" name="Test_cases.checkboxes" tests="1" failures="0" timestamp="02 Sep 2018 09:35:11 GMT" time="6.781" errors="0">
  <testcase name="chkboxes" time="6.781" classname="Test_cases.checkboxes"/>
</testsuite> <!-- Test_cases.checkboxes -->
