<?xml version="1.0" encoding="UTF-8"?>
<!-- Generated by org.testng.reporters.JUnitReportReporter -->
<testsuite skipped="0" hostname="DESKTOP-DM24L6V" name="Test_cases.dynamic_elements" tests="1" failures="0" timestamp="01 Oct 2018 09:25:06 GMT" time="12.125" errors="0">
  <testcase name="dynamicelements" time="12.125" classname="Test_cases.dynamic_elements"/>
</testsuite> <!-- Test_cases.dynamic_elements -->
