<?xml version="1.0" encoding="UTF-8"?>
<!-- Generated by org.testng.reporters.JUnitReportReporter -->
<testsuite skipped="0" hostname="DESKTOP-UNAOAV6" name="Test_cases.ABTesting" tests="1" failures="0" timestamp="16 Nov 2018 17:09:59 GMT" time="0.645" errors="0">
  <testcase name="ABTesting_test" time="0.645" classname="Test_cases.ABTesting"/>
</testsuite> <!-- Test_cases.ABTesting -->
