<?xml version="1.0" encoding="UTF-8"?>
<!-- Generated by org.testng.reporters.JUnitReportReporter -->
<testsuite skipped="0" hostname="DESKTOP-DM24L6V" name="Test_cases.upload_file" tests="1" failures="0" timestamp="17 Sep 2018 16:52:09 GMT" time="6.417" errors="0">
  <testcase name="upload" time="6.417" classname="Test_cases.upload_file"/>
</testsuite> <!-- Test_cases.upload_file -->
