<?xml version="1.0" encoding="UTF-8"?>
<!-- Generated by org.testng.reporters.JUnitReportReporter -->
<testsuite skipped="0" hostname="DESKTOP-UNAOAV6" name="Test_cases.jsalert" tests="1" failures="0" timestamp="17 Nov 2018 13:41:18 GMT" time="3.695" errors="0">
  <testcase name="jsAlert" time="3.695" classname="Test_cases.jsalert"/>
</testsuite> <!-- Test_cases.jsalert -->
