<?xml version="1.0" encoding="UTF-8"?>
<!-- Generated by org.testng.reporters.JUnitReportReporter -->
<testsuite skipped="0" hostname="DESKTOP-UNAOAV6" name="Test_cases.webtables" tests="1" failures="0" timestamp="13 Dec 2018 17:45:34 GMT" time="13.145" errors="0">
  <testcase name="webTable" time="13.145" classname="Test_cases.webtables"/>
</testsuite> <!-- Test_cases.webtables -->
