<?xml version="1.0" encoding="UTF-8"?>
<!-- Generated by org.testng.reporters.JUnitReportReporter -->
<testsuite skipped="0" hostname="DESKTOP-UNAOAV6" name="Test_cases.Object_repo_test" tests="1" failures="0" timestamp="25 Dec 2018 17:21:22 GMT" time="6.086" errors="0">
  <testcase name="or" time="6.086" classname="Test_cases.Object_repo_test"/>
</testsuite> <!-- Test_cases.Object_repo_test -->
